Using pre-set license
Built from '2020.2/staging' branch; Version is '2020.2.3f1 (8ff31bc5bf5b) revision 9433883'; Using compiler version '192528614'; Build Type 'Release'
OS: 'Windows 10 Education; OS build 19044.1387; Version 2009; 64bit' Language: 'en' Physical Memory: 24493 MB
BatchMode: 1, IsHumanControllingUs: 0, StartBugReporterOnCrash: 0, Is64bit: 1, IsPro: 0

 COMMAND LINE ARGUMENTS:
G:\Unity\IDE\2020.2.3f1\Editor\Unity.exe
-adb2
-batchMode
-noUpm
-name
AssetImportWorker0
-projectPath
G:/Unity/UniGames/Cheese
-logFile
Logs/AssetImportWorker0.log
-srvPort
58361
Successfully changed project path to: G:/Unity/UniGames/Cheese
G:/Unity/UniGames/Cheese
Using Asset Import Pipeline V2.
Refreshing native plugins compatible for Editor in 141.00 ms, found 0 plugins.
Preloading 0 native plugins for Editor in 0.00 ms.
Initialize engine version: 2020.2.3f1 (8ff31bc5bf5b)
[Subsystems] Discovering subsystems at path G:/Unity/IDE/2020.2.3f1/Editor/Data/Resources/UnitySubsystems
[Subsystems] Discovering subsystems at path G:/Unity/UniGames/Cheese/Assets
GfxDevice: creating device client; threaded=0
Direct3D:
    Version:  Direct3D 11.0 [level 11.1]
    Renderer: NVIDIA GeForce GTX 1050 (ID=0x1c8d)
    Vendor:   
    VRAM:     1979 MB
    Driver:   30.0.14.9676
Initialize mono
Mono path[0] = 'G:/Unity/IDE/2020.2.3f1/Editor/Data/Managed'
Mono path[1] = 'G:/Unity/IDE/2020.2.3f1/Editor/Data/MonoBleedingEdge/lib/mono/unityjit'
Mono config path = 'G:/Unity/IDE/2020.2.3f1/Editor/Data/MonoBleedingEdge/etc'
Using monoOptions --debugger-agent=transport=dt_socket,embedding=1,server=y,suspend=n,address=127.0.0.1:56060
Begin MonoManager ReloadAssembly
Registering precompiled unity dll's ...
Register platform support module: G:/Unity/IDE/2020.2.3f1/Editor/Data/PlaybackEngines/WebGLSupport/UnityEditor.WebGL.Extensions.dll
Register platform support module: G:/Unity/IDE/2020.2.3f1/Editor/Data/PlaybackEngines/WindowsStandaloneSupport/UnityEditor.WindowsStandalone.Extensions.dll
Registered in 0.001513 seconds.
Native extension for WindowsStandalone target not found
Native extension for WebGL target not found
Refreshing native plugins compatible for Editor in 150.96 ms, found 0 plugins.
Preloading 0 native plugins for Editor in 0.00 ms.
Invoked RoslynAnalysisRunner static constructor.
RoslynAnalysisRunner will not be running.
RoslynAnalysisRunner has terminated.
Mono: successfully reloaded assembly
- Completed reload, in  3.278 seconds
Platform modules already initialized, skipping
Registering precompiled user dll's ...
Registered in 0.004902 seconds.
Begin MonoManager ReloadAssembly
Native extension for WindowsStandalone target not found
Native extension for WebGL target not found
Refreshing native plugins compatible for Editor in 148.32 ms, found 0 plugins.
Preloading 0 native plugins for Editor in 0.00 ms.
Invoked RoslynAnalysisRunner static constructor.
RoslynAnalysisRunner will not be running.
RoslynAnalysisRunner has terminated.
Mono: successfully reloaded assembly
- Completed reload, in  2.449 seconds
Platform modules already initialized, skipping
========================================================================
Worker process is ready to serve import requests
Launched and connected shader compiler UnityShaderCompiler.exe after 0.10 seconds
Refreshing native plugins compatible for Editor in 0.87 ms, found 0 plugins.
Preloading 0 native plugins for Editor in 0.00 ms.
Unloading 3777 Unused Serialized files (Serialized files now loaded: 0)
System memory in use before: 260.3 MB.
System memory in use after: 260.5 MB.

Unloading 105 unused Assets to reduce memory usage. Loaded Objects now: 4225.
Total: 3.940600 ms (FindLiveObjects: 0.521000 ms CreateObjectMapping: 0.264800 ms MarkObjects: 2.884100 ms  DeleteObjects: 0.268700 ms)

========================================================================
Received Import Request.
  path: Assets/Prafabs/main_hero.fbx
  artifactKey: Guid(5230327137922c54c8ec4db76ecd8ec0) Importer(815301076,1909f56bfc062723c751e8b465ee728b)
Start importing Assets/Prafabs/main_hero.fbx using Guid(5230327137922c54c8ec4db76ecd8ec0) Importer(815301076,1909f56bfc062723c751e8b465ee728b)  -> (artifact id: 'de01335824dc5b0fe25435bd06759abe') in 1.533037 seconds
  Import took 1.545470 seconds .

========================================================================
Received Import Request.
  Time since last request: 97.026955 seconds.
  path: Assets/Materials/HeroNeon.mat
  artifactKey: Guid(42ab1ff77cd3bd94c81a35f7300e7422) Importer(815301076,1909f56bfc062723c751e8b465ee728b)
Start importing Assets/Materials/HeroNeon.mat using Guid(42ab1ff77cd3bd94c81a35f7300e7422) Importer(815301076,1909f56bfc062723c751e8b465ee728b)  -> (artifact id: '33b412a56fa3ce9e0226231eab090c98') in 0.092607 seconds
  Import took 0.111723 seconds .

========================================================================
Received Prepare
Registering precompiled user dll's ...
Registered in 0.004860 seconds.
Begin MonoManager ReloadAssembly
Native extension for WindowsStandalone target not found
Native extension for WebGL target not found
Refreshing native plugins compatible for Editor in 1.13 ms, found 0 plugins.
Preloading 0 native plugins for Editor in 0.00 ms.
Warning: Annotation not found!
UnityEngine.StackTraceUtility:ExtractStackTrace ()
UnityEditor.ProBuilder.EditorUtility:SetGizmoIconEnabled (System.Type,bool) (at Library/PackageCache/com.unity.probuilder@4.4.0/Editor/EditorCore/EditorUtility.cs:593)
UnityEditor.ProBuilder.HierarchyListener:.cctor () (at Library/PackageCache/com.unity.probuilder@4.4.0/Editor/EditorCore/HierarchyListener.cs:21)
System.Runtime.CompilerServices.RuntimeHelpers:RunClassConstructor (System.RuntimeTypeHandle)
UnityEditor.EditorAssemblies:ProcessInitializeOnLoadAttributes (System.Type[])

[Library/PackageCache/com.unity.probuilder@4.4.0/Editor/EditorCore/EditorUtility.cs line 593]

Invoked RoslynAnalysisRunner static constructor.
RoslynAnalysisRunner will not be running.
RoslynAnalysisRunner has terminated.
Mono: successfully reloaded assembly
- Completed reload, in  2.106 seconds
Platform modules already initialized, skipping
Refreshing native plugins compatible for Editor in 1.11 ms, found 0 plugins.
Preloading 0 native plugins for Editor in 0.00 ms.
Unloading 3458 Unused Serialized files (Serialized files now loaded: 0)
System memory in use before: 252.9 MB.
System memory in use after: 253.1 MB.

Unloading 11 unused Assets to reduce memory usage. Loaded Objects now: 4396.
Total: 5.551500 ms (FindLiveObjects: 0.601300 ms CreateObjectMapping: 0.343700 ms MarkObjects: 4.472800 ms  DeleteObjects: 0.132100 ms)

========================================================================
Received Import Request.
  Time since last request: 77.616544 seconds.
  path: Assets/Materials/HeroNeon.mat
  artifactKey: Guid(42ab1ff77cd3bd94c81a35f7300e7422) Importer(815301076,1909f56bfc062723c751e8b465ee728b)
Start importing Assets/Materials/HeroNeon.mat using Guid(42ab1ff77cd3bd94c81a35f7300e7422) Importer(815301076,1909f56bfc062723c751e8b465ee728b)  -> (artifact id: '44e1a082020f49466ba1f23be6cbb330') in 0.922392 seconds
  Import took 0.941542 seconds .

========================================================================
Received Import Request.
  Time since last request: 9.863232 seconds.
  path: Assets/Scenes/GameScene.unity
  artifactKey: Guid(9fc0d4010bbf28b4594072e72b8655ab) Importer(815301076,1909f56bfc062723c751e8b465ee728b)
Start importing Assets/Scenes/GameScene.unity using Guid(9fc0d4010bbf28b4594072e72b8655ab) Importer(815301076,1909f56bfc062723c751e8b465ee728b)  -> (artifact id: 'd1c4c508fb52e5a772d3dc99d407568f') in 0.014823 seconds
  Import took 0.023644 seconds .

========================================================================
Received Import Request.
  Time since last request: 3.598390 seconds.
  path: Assets/FadeBuff.cs
  artifactKey: Guid(093482875d23b9445845552776bd4e38) Importer(815301076,1909f56bfc062723c751e8b465ee728b)
Start importing Assets/FadeBuff.cs using Guid(093482875d23b9445845552776bd4e38) Importer(815301076,1909f56bfc062723c751e8b465ee728b)  -> (artifact id: 'fa260a32362e18289ae1f85169f2c9df') in 0.101057 seconds
  Import took 0.114540 seconds .

========================================================================
Received Import Request.
  Time since last request: 2.716370 seconds.
  path: Assets/PlayerInterraction.cs
  artifactKey: Guid(948fd22b69739ef4abdf3c40ead9d636) Importer(815301076,1909f56bfc062723c751e8b465ee728b)
Start importing Assets/PlayerInterraction.cs using Guid(948fd22b69739ef4abdf3c40ead9d636) Importer(815301076,1909f56bfc062723c751e8b465ee728b)  -> (artifact id: '8790b321e728329b5c8441e65cbda4b1') in 0.012962 seconds
  Import took 0.028676 seconds .

========================================================================
Received Import Request.
  Time since last request: 0.002210 seconds.
  path: Assets/PlayerInterraction.cs
  artifactKey: Guid(948fd22b69739ef4abdf3c40ead9d636) Importer(815301076,1909f56bfc062723c751e8b465ee728b)
Start importing Assets/PlayerInterraction.cs using Guid(948fd22b69739ef4abdf3c40ead9d636) Importer(815301076,1909f56bfc062723c751e8b465ee728b)  -> (artifact id: '8790b321e728329b5c8441e65cbda4b1') in 0.002344 seconds
  Import took 0.012998 seconds .

========================================================================
Received Import Request.
  Time since last request: 1.342321 seconds.
  path: Assets/MainMenu.cs
  artifactKey: Guid(d3aa11a9e8ed30e4f9fdcb8c124b7f90) Importer(815301076,1909f56bfc062723c751e8b465ee728b)
Start importing Assets/MainMenu.cs using Guid(d3aa11a9e8ed30e4f9fdcb8c124b7f90) Importer(815301076,1909f56bfc062723c751e8b465ee728b)  -> (artifact id: 'b1a84c485fc9513f8c3cbaf741afaae6') in 0.011167 seconds
  Import took 0.026502 seconds .

========================================================================
Received Import Request.
  Time since last request: 4.259641 seconds.
  path: Assets/Pause.cs
  artifactKey: Guid(ff11ab1719ffae14e90241cebd8d4151) Importer(815301076,1909f56bfc062723c751e8b465ee728b)
Start importing Assets/Pause.cs using Guid(ff11ab1719ffae14e90241cebd8d4151) Importer(815301076,1909f56bfc062723c751e8b465ee728b)  -> (artifact id: '6f9c4da1df5619fab637f67833cca697') in 0.009409 seconds
  Import took 0.022106 seconds .

========================================================================
Received Import Request.
  Time since last request: 1.000962 seconds.
  path: Assets/PlayerMovement.cs
  artifactKey: Guid(658e08bf0962a414eae4da7a6a564f7b) Importer(815301076,1909f56bfc062723c751e8b465ee728b)
Start importing Assets/PlayerMovement.cs using Guid(658e08bf0962a414eae4da7a6a564f7b) Importer(815301076,1909f56bfc062723c751e8b465ee728b)  -> (artifact id: '59250fef024a674eb951604cb4837918') in 0.013450 seconds
  Import took 0.022973 seconds .

========================================================================
Received Import Request.
  Time since last request: 3.867542 seconds.
  path: Assets/Notification.cs
  artifactKey: Guid(e621b8ae2c9a01048818f863fa3e22c8) Importer(815301076,1909f56bfc062723c751e8b465ee728b)
Start importing Assets/Notification.cs using Guid(e621b8ae2c9a01048818f863fa3e22c8) Importer(815301076,1909f56bfc062723c751e8b465ee728b)  -> (artifact id: 'dac80b340397b257e60f2545eb5708ba') in 0.007891 seconds
  Import took 0.027517 seconds .

========================================================================
Received Import Request.
  Time since last request: 3.165990 seconds.
  path: Assets/Leveling.cs
  artifactKey: Guid(30e2efc968824fb469aa393a516ccc9d) Importer(815301076,1909f56bfc062723c751e8b465ee728b)
Start importing Assets/Leveling.cs using Guid(30e2efc968824fb469aa393a516ccc9d) Importer(815301076,1909f56bfc062723c751e8b465ee728b)  -> (artifact id: 'c0281d626d92d95aac0db87231e20c57') in 0.008620 seconds
  Import took 0.030230 seconds .

========================================================================
Received Import Request.
  Time since last request: 1.663341 seconds.
  path: Assets/HitPlayer.cs
  artifactKey: Guid(670dc2398cedd8b4bb6cb3fd03fd03e2) Importer(815301076,1909f56bfc062723c751e8b465ee728b)
Start importing Assets/HitPlayer.cs using Guid(670dc2398cedd8b4bb6cb3fd03fd03e2) Importer(815301076,1909f56bfc062723c751e8b465ee728b)  -> (artifact id: '7dc0a8cfeb543662d167899acf2ab778') in 0.012285 seconds
  Import took 0.022178 seconds .

========================================================================
Received Import Request.
  Time since last request: 1.266858 seconds.
  path: Assets/WallsMovement.cs
  artifactKey: Guid(d88002209a0dfa74d8b16ba09581b914) Importer(815301076,1909f56bfc062723c751e8b465ee728b)
Start importing Assets/WallsMovement.cs using Guid(d88002209a0dfa74d8b16ba09581b914) Importer(815301076,1909f56bfc062723c751e8b465ee728b)  -> (artifact id: '3c6d700e70d8cbb75bb09c3bb8c52c5b') in 0.009048 seconds
  Import took 0.031037 seconds .

========================================================================
Received Import Request.
  Time since last request: 0.001105 seconds.
  path: Assets/WallsMovement.cs
  artifactKey: Guid(d88002209a0dfa74d8b16ba09581b914) Importer(815301076,1909f56bfc062723c751e8b465ee728b)
Start importing Assets/WallsMovement.cs using Guid(d88002209a0dfa74d8b16ba09581b914) Importer(815301076,1909f56bfc062723c751e8b465ee728b)  -> (artifact id: '3c6d700e70d8cbb75bb09c3bb8c52c5b') in 0.002043 seconds
  Import took 0.013591 seconds .

========================================================================
Received Import Request.
  Time since last request: 1.084618 seconds.
  path: Assets/Stats.cs
  artifactKey: Guid(e7e8f19728ab28e42ae401e58b4a4605) Importer(815301076,1909f56bfc062723c751e8b465ee728b)
Start importing Assets/Stats.cs using Guid(e7e8f19728ab28e42ae401e58b4a4605) Importer(815301076,1909f56bfc062723c751e8b465ee728b)  -> (artifact id: 'cc87bfae8754d39d82627ea4baae0250') in 0.011012 seconds
  Import took 0.024180 seconds .

========================================================================
Received Import Request.
  Time since last request: 0.007773 seconds.
  path: Assets/Stats.cs
  artifactKey: Guid(e7e8f19728ab28e42ae401e58b4a4605) Importer(815301076,1909f56bfc062723c751e8b465ee728b)
Start importing Assets/Stats.cs using Guid(e7e8f19728ab28e42ae401e58b4a4605) Importer(815301076,1909f56bfc062723c751e8b465ee728b)  -> (artifact id: 'cc87bfae8754d39d82627ea4baae0250') in 0.002216 seconds
  Import took 0.017460 seconds .

========================================================================
Received Import Request.
  Time since last request: 2.403321 seconds.
  path: Assets/Hit.cs
  artifactKey: Guid(5bcce8ec3b68a3141919c5b5533f2c45) Importer(815301076,1909f56bfc062723c751e8b465ee728b)
Start importing Assets/Hit.cs using Guid(5bcce8ec3b68a3141919c5b5533f2c45) Importer(815301076,1909f56bfc062723c751e8b465ee728b)  -> (artifact id: 'efec47d48a19cac63fcbcb15536a222d') in 0.007431 seconds
  Import took 0.019276 seconds .

========================================================================
Received Import Request.
  Time since last request: 2.737877 seconds.
  path: Assets/StartTimer.cs
  artifactKey: Guid(4b76a27237014d246a68b02bad573d5a) Importer(815301076,1909f56bfc062723c751e8b465ee728b)
Start importing Assets/StartTimer.cs using Guid(4b76a27237014d246a68b02bad573d5a) Importer(815301076,1909f56bfc062723c751e8b465ee728b)  -> (artifact id: 'a37dbd3161a0cf7c8549e515499b8c04') in 0.014659 seconds
  Import took 0.027874 seconds .

========================================================================
Received Import Request.
  Time since last request: 0.000563 seconds.
  path: Assets/StartTimer.cs
  artifactKey: Guid(4b76a27237014d246a68b02bad573d5a) Importer(815301076,1909f56bfc062723c751e8b465ee728b)
Start importing Assets/StartTimer.cs using Guid(4b76a27237014d246a68b02bad573d5a) Importer(815301076,1909f56bfc062723c751e8b465ee728b)  -> (artifact id: 'a37dbd3161a0cf7c8549e515499b8c04') in 0.002511 seconds
  Import took 0.013441 seconds .

========================================================================
Received Import Request.
  Time since last request: 2.396147 seconds.
  path: Assets/EnemySpawner.cs
  artifactKey: Guid(fa99aeedb182e494487e6a1e65b9015a) Importer(815301076,1909f56bfc062723c751e8b465ee728b)
Start importing Assets/EnemySpawner.cs using Guid(fa99aeedb182e494487e6a1e65b9015a) Importer(815301076,1909f56bfc062723c751e8b465ee728b)  -> (artifact id: 'e9c6008251443ef4d93bb7488da30efc') in 0.009966 seconds
  Import took 0.029636 seconds .

========================================================================
Received Import Request.
  Time since last request: 10.839866 seconds.
  path: Assets/PlayerScore.cs
  artifactKey: Guid(3e42c7ba391133b4bbf4dae760ded7a5) Importer(815301076,1909f56bfc062723c751e8b465ee728b)
Start importing Assets/PlayerScore.cs using Guid(3e42c7ba391133b4bbf4dae760ded7a5) Importer(815301076,1909f56bfc062723c751e8b465ee728b)  -> (artifact id: '0d20f37d09545887b6f019d734aea6fc') in 0.009644 seconds
  Import took 0.028891 seconds .

========================================================================
Received Import Request.
  Time since last request: 0.001528 seconds.
  path: Assets/PlayerScore.cs
  artifactKey: Guid(3e42c7ba391133b4bbf4dae760ded7a5) Importer(815301076,1909f56bfc062723c751e8b465ee728b)
Start importing Assets/PlayerScore.cs using Guid(3e42c7ba391133b4bbf4dae760ded7a5) Importer(815301076,1909f56bfc062723c751e8b465ee728b)  -> (artifact id: '0d20f37d09545887b6f019d734aea6fc') in 0.001755 seconds
  Import took 0.013029 seconds .

========================================================================
Received Import Request.
  Time since last request: 65.991669 seconds.
  path: Assets/Sprites/5_MiH4S7VHk.jpg
  artifactKey: Guid(e491cb9ddcb2b9a489f3d442fcc6c842) Importer(815301076,1909f56bfc062723c751e8b465ee728b)
Start importing Assets/Sprites/5_MiH4S7VHk.jpg using Guid(e491cb9ddcb2b9a489f3d442fcc6c842) Importer(815301076,1909f56bfc062723c751e8b465ee728b)  -> (artifact id: '4a7f8e36fb8abf337f3ababed2fd9c94') in 3.176846 seconds
  Import took 3.216581 seconds .

========================================================================
Received Import Request.
  Time since last request: 0.001891 seconds.
  path: Assets/Sprites/5_MiH4S7VHk.jpg
  artifactKey: Guid(e491cb9ddcb2b9a489f3d442fcc6c842) Importer(815301076,1909f56bfc062723c751e8b465ee728b)
Start importing Assets/Sprites/5_MiH4S7VHk.jpg using Guid(e491cb9ddcb2b9a489f3d442fcc6c842) Importer(815301076,1909f56bfc062723c751e8b465ee728b)  -> (artifact id: '7a7f7cd2393711d6a6199adb86db9f23') in 0.141339 seconds
  Import took 0.171549 seconds .

========================================================================
Received Prepare
Registering precompiled user dll's ...
Registered in 0.002621 seconds.
Begin MonoManager ReloadAssembly
Native extension for WindowsStandalone target not found
Native extension for WebGL target not found
Refreshing native plugins compatible for Editor in 1.18 ms, found 0 plugins.
Preloading 0 native plugins for Editor in 0.00 ms.
Warning: Annotation not found!
UnityEngine.StackTraceUtility:ExtractStackTrace ()
UnityEditor.ProBuilder.EditorUtility:SetGizmoIconEnabled (System.Type,bool) (at Library/PackageCache/com.unity.probuilder@4.4.0/Editor/EditorCore/EditorUtility.cs:593)
UnityEditor.ProBuilder.HierarchyListener:.cctor () (at Library/PackageCache/com.unity.probuilder@4.4.0/Editor/EditorCore/HierarchyListener.cs:21)
System.Runtime.CompilerServices.RuntimeHelpers:RunClassConstructor (System.RuntimeTypeHandle)
UnityEditor.EditorAssemblies:ProcessInitializeOnLoadAttributes (System.Type[])

[Library/PackageCache/com.unity.probuilder@4.4.0/Editor/EditorCore/EditorUtility.cs line 593]

Invoked RoslynAnalysisRunner static constructor.
RoslynAnalysisRunner will not be running.
RoslynAnalysisRunner has terminated.
Mono: successfully reloaded assembly
- Completed reload, in  2.185 seconds
Platform modules already initialized, skipping
Refreshing native plugins compatible for Editor in 2.42 ms, found 0 plugins.
Preloading 0 native plugins for Editor in 0.00 ms.
Unloading 3446 Unused Serialized files (Serialized files now loaded: 0)
System memory in use before: 252.8 MB.
System memory in use after: 253.0 MB.

Unloading 11 unused Assets to reduce memory usage. Loaded Objects now: 4503.
Total: 6.851200 ms (FindLiveObjects: 0.588900 ms CreateObjectMapping: 0.377000 ms MarkObjects: 5.763200 ms  DeleteObjects: 0.118200 ms)

========================================================================
Received Prepare
Registering precompiled user dll's ...
Registered in 0.003462 seconds.
Begin MonoManager ReloadAssembly
Native extension for WindowsStandalone target not found
Native extension for WebGL target not found
Refreshing native plugins compatible for Editor in 0.78 ms, found 0 plugins.
Preloading 0 native plugins for Editor in 0.00 ms.
Warning: Annotation not found!
UnityEngine.StackTraceUtility:ExtractStackTrace ()
UnityEditor.ProBuilder.EditorUtility:SetGizmoIconEnabled (System.Type,bool) (at Library/PackageCache/com.unity.probuilder@4.4.0/Editor/EditorCore/EditorUtility.cs:593)
UnityEditor.ProBuilder.HierarchyListener:.cctor () (at Library/PackageCache/com.unity.probuilder@4.4.0/Editor/EditorCore/HierarchyListener.cs:21)
System.Runtime.CompilerServices.RuntimeHelpers:RunClassConstructor (System.RuntimeTypeHandle)
UnityEditor.EditorAssemblies:ProcessInitializeOnLoadAttributes (System.Type[])

[Library/PackageCache/com.unity.probuilder@4.4.0/Editor/EditorCore/EditorUtility.cs line 593]

Invoked RoslynAnalysisRunner static constructor.
RoslynAnalysisRunner will not be running.
RoslynAnalysisRunner has terminated.
Mono: successfully reloaded assembly
- Completed reload, in  2.192 seconds
Platform modules already initialized, skipping
Refreshing native plugins compatible for Editor in 1.34 ms, found 0 plugins.
Preloading 0 native plugins for Editor in 0.00 ms.
Unloading 3446 Unused Serialized files (Serialized files now loaded: 0)
System memory in use before: 252.9 MB.
System memory in use after: 253.1 MB.

Unloading 11 unused Assets to reduce memory usage. Loaded Objects now: 4505.
Total: 10.211100 ms (FindLiveObjects: 1.693900 ms CreateObjectMapping: 1.877200 ms MarkObjects: 6.506300 ms  DeleteObjects: 0.131400 ms)

========================================================================
Received Prepare
Registering precompiled user dll's ...
Registered in 0.002107 seconds.
Begin MonoManager ReloadAssembly
Native extension for WindowsStandalone target not found
Native extension for WebGL target not found
Refreshing native plugins compatible for Editor in 1.12 ms, found 0 plugins.
Preloading 0 native plugins for Editor in 0.00 ms.
Warning: Annotation not found!
UnityEngine.StackTraceUtility:ExtractStackTrace ()
UnityEditor.ProBuilder.EditorUtility:SetGizmoIconEnabled (System.Type,bool) (at Library/PackageCache/com.unity.probuilder@4.4.0/Editor/EditorCore/EditorUtility.cs:593)
UnityEditor.ProBuilder.HierarchyListener:.cctor () (at Library/PackageCache/com.unity.probuilder@4.4.0/Editor/EditorCore/HierarchyListener.cs:21)
System.Runtime.CompilerServices.RuntimeHelpers:RunClassConstructor (System.RuntimeTypeHandle)
UnityEditor.EditorAssemblies:ProcessInitializeOnLoadAttributes (System.Type[])

[Library/PackageCache/com.unity.probuilder@4.4.0/Editor/EditorCore/EditorUtility.cs line 593]

Invoked RoslynAnalysisRunner static constructor.
RoslynAnalysisRunner will not be running.
RoslynAnalysisRunner has terminated.
Mono: successfully reloaded assembly
- Completed reload, in  2.171 seconds
Platform modules already initialized, skipping
Refreshing native plugins compatible for Editor in 1.56 ms, found 0 plugins.
Preloading 0 native plugins for Editor in 0.00 ms.
Unloading 3446 Unused Serialized files (Serialized files now loaded: 0)
System memory in use before: 252.9 MB.
System memory in use after: 253.1 MB.

Unloading 11 unused Assets to reduce memory usage. Loaded Objects now: 4507.
Total: 12.010800 ms (FindLiveObjects: 1.189000 ms CreateObjectMapping: 0.707200 ms MarkObjects: 9.975100 ms  DeleteObjects: 0.137500 ms)

========================================================================
Received Prepare
Registering precompiled user dll's ...
Registered in 0.002601 seconds.
Begin MonoManager ReloadAssembly
Native extension for WindowsStandalone target not found
Native extension for WebGL target not found
Refreshing native plugins compatible for Editor in 1.40 ms, found 0 plugins.
Preloading 0 native plugins for Editor in 0.00 ms.
Warning: Annotation not found!
UnityEngine.StackTraceUtility:ExtractStackTrace ()
UnityEditor.ProBuilder.EditorUtility:SetGizmoIconEnabled (System.Type,bool) (at Library/PackageCache/com.unity.probuilder@4.4.0/Editor/EditorCore/EditorUtility.cs:593)
UnityEditor.ProBuilder.HierarchyListener:.cctor () (at Library/PackageCache/com.unity.probuilder@4.4.0/Editor/EditorCore/HierarchyListener.cs:21)
System.Runtime.CompilerServices.RuntimeHelpers:RunClassConstructor (System.RuntimeTypeHandle)
UnityEditor.EditorAssemblies:ProcessInitializeOnLoadAttributes (System.Type[])

[Library/PackageCache/com.unity.probuilder@4.4.0/Editor/EditorCore/EditorUtility.cs line 593]

Invoked RoslynAnalysisRunner static constructor.
RoslynAnalysisRunner will not be running.
RoslynAnalysisRunner has terminated.
Mono: successfully reloaded assembly
- Completed reload, in  2.176 seconds
Platform modules already initialized, skipping
Refreshing native plugins compatible for Editor in 1.01 ms, found 0 plugins.
Preloading 0 native plugins for Editor in 0.00 ms.
Unloading 3446 Unused Serialized files (Serialized files now loaded: 0)
System memory in use before: 252.9 MB.
System memory in use after: 253.1 MB.

Unloading 11 unused Assets to reduce memory usage. Loaded Objects now: 4509.
Total: 12.435000 ms (FindLiveObjects: 0.515500 ms CreateObjectMapping: 0.305700 ms MarkObjects: 11.495300 ms  DeleteObjects: 0.115800 ms)

========================================================================
Received Prepare
Refreshing native plugins compatible for Editor in 5.01 ms, found 0 plugins.
Preloading 0 native plugins for Editor in 0.00 ms.
Unloading 5 Unused Serialized files (Serialized files now loaded: 0)
System memory in use before: 185.0 MB.
System memory in use after: 185.3 MB.

Unloading 5 unused Assets to reduce memory usage. Loaded Objects now: 4509.
Total: 18.302000 ms (FindLiveObjects: 0.889700 ms CreateObjectMapping: 0.474400 ms MarkObjects: 16.782000 ms  DeleteObjects: 0.153500 ms)

========================================================================
Received Import Request.
  Time since last request: 391.513917 seconds.
  path: Assets/Scenes/GameScene.unity
  artifactKey: Guid(9fc0d4010bbf28b4594072e72b8655ab) Importer(815301076,1909f56bfc062723c751e8b465ee728b)
Start importing Assets/Scenes/GameScene.unity using Guid(9fc0d4010bbf28b4594072e72b8655ab) Importer(815301076,1909f56bfc062723c751e8b465ee728b)  -> (artifact id: '585001ed796ce4340229981b10478140') in 0.071769 seconds
  Import took 0.098701 seconds .

========================================================================
Received Import Request.
  Time since last request: 0.667061 seconds.
  path: Assets/Scenes/Menu.unity
  artifactKey: Guid(5a0cb363df3520448affb1e11dfa790f) Importer(815301076,1909f56bfc062723c751e8b465ee728b)
Start importing Assets/Scenes/Menu.unity using Guid(5a0cb363df3520448affb1e11dfa790f) Importer(815301076,1909f56bfc062723c751e8b465ee728b)  -> (artifact id: '70f576c29d0573c2ea53b81fa2459354') in 0.011990 seconds
  Import took 0.032639 seconds .

========================================================================
Received Prepare
Registering precompiled user dll's ...
Registered in 0.002816 seconds.
Begin MonoManager ReloadAssembly
Native extension for WindowsStandalone target not found
Native extension for WebGL target not found
Refreshing native plugins compatible for Editor in 1.30 ms, found 0 plugins.
Preloading 0 native plugins for Editor in 0.00 ms.
Warning: Annotation not found!
UnityEngine.StackTraceUtility:ExtractStackTrace ()
UnityEditor.ProBuilder.EditorUtility:SetGizmoIconEnabled (System.Type,bool) (at Library/PackageCache/com.unity.probuilder@4.4.0/Editor/EditorCore/EditorUtility.cs:593)
UnityEditor.ProBuilder.HierarchyListener:.cctor () (at Library/PackageCache/com.unity.probuilder@4.4.0/Editor/EditorCore/HierarchyListener.cs:21)
System.Runtime.CompilerServices.RuntimeHelpers:RunClassConstructor (System.RuntimeTypeHandle)
UnityEditor.EditorAssemblies:ProcessInitializeOnLoadAttributes (System.Type[])

[Library/PackageCache/com.unity.probuilder@4.4.0/Editor/EditorCore/EditorUtility.cs line 593]

Invoked RoslynAnalysisRunner static constructor.
RoslynAnalysisRunner will not be running.
RoslynAnalysisRunner has terminated.
Mono: successfully reloaded assembly
- Completed reload, in  4.205 seconds
Platform modules already initialized, skipping
Refreshing native plugins compatible for Editor in 2.35 ms, found 0 plugins.
Preloading 0 native plugins for Editor in 0.00 ms.
Unloading 3447 Unused Serialized files (Serialized files now loaded: 0)
System memory in use before: 252.9 MB.
System memory in use after: 253.2 MB.

Unloading 11 unused Assets to reduce memory usage. Loaded Objects now: 4512.
Total: 16.095200 ms (FindLiveObjects: 0.896300 ms CreateObjectMapping: 0.502000 ms MarkObjects: 13.838400 ms  DeleteObjects: 0.854900 ms)

========================================================================
Received Prepare
Registering precompiled user dll's ...
Registered in 0.002046 seconds.
Begin MonoManager ReloadAssembly
Native extension for WindowsStandalone target not found
Native extension for WebGL target not found
Refreshing native plugins compatible for Editor in 0.81 ms, found 0 plugins.
Preloading 0 native plugins for Editor in 0.00 ms.
Warning: Annotation not found!
UnityEngine.StackTraceUtility:ExtractStackTrace ()
UnityEditor.ProBuilder.EditorUtility:SetGizmoIconEnabled (System.Type,bool) (at Library/PackageCache/com.unity.probuilder@4.4.0/Editor/EditorCore/EditorUtility.cs:593)
UnityEditor.ProBuilder.HierarchyListener:.cctor () (at Library/PackageCache/com.unity.probuilder@4.4.0/Editor/EditorCore/HierarchyListener.cs:21)
System.Runtime.CompilerServices.RuntimeHelpers:RunClassConstructor (System.RuntimeTypeHandle)
UnityEditor.EditorAssemblies:ProcessInitializeOnLoadAttributes (System.Type[])

[Library/PackageCache/com.unity.probuilder@4.4.0/Editor/EditorCore/EditorUtility.cs line 593]

Invoked RoslynAnalysisRunner static constructor.
RoslynAnalysisRunner will not be running.
RoslynAnalysisRunner has terminated.
Mono: successfully reloaded assembly
- Completed reload, in  2.164 seconds
Platform modules already initialized, skipping
Refreshing native plugins compatible for Editor in 0.93 ms, found 0 plugins.
Preloading 0 native plugins for Editor in 0.00 ms.
Unloading 3447 Unused Serialized files (Serialized files now loaded: 0)
System memory in use before: 253.0 MB.
System memory in use after: 253.2 MB.

Unloading 11 unused Assets to reduce memory usage. Loaded Objects now: 4514.
Total: 7.562800 ms (FindLiveObjects: 1.825800 ms CreateObjectMapping: 0.681200 ms MarkObjects: 4.939700 ms  DeleteObjects: 0.113000 ms)

========================================================================
Received Prepare
Registering precompiled user dll's ...
Registered in 0.007517 seconds.
Begin MonoManager ReloadAssembly
Native extension for WindowsStandalone target not found
Native extension for WebGL target not found
Refreshing native plugins compatible for Editor in 1.98 ms, found 0 plugins.
Preloading 0 native plugins for Editor in 0.00 ms.
Warning: Annotation not found!
UnityEngine.StackTraceUtility:ExtractStackTrace ()
UnityEditor.ProBuilder.EditorUtility:SetGizmoIconEnabled (System.Type,bool) (at Library/PackageCache/com.unity.probuilder@4.4.0/Editor/EditorCore/EditorUtility.cs:593)
UnityEditor.ProBuilder.HierarchyListener:.cctor () (at Library/PackageCache/com.unity.probuilder@4.4.0/Editor/EditorCore/HierarchyListener.cs:21)
System.Runtime.CompilerServices.RuntimeHelpers:RunClassConstructor (System.RuntimeTypeHandle)
UnityEditor.EditorAssemblies:ProcessInitializeOnLoadAttributes (System.Type[])

[Library/PackageCache/com.unity.probuilder@4.4.0/Editor/EditorCore/EditorUtility.cs line 593]

Invoked RoslynAnalysisRunner static constructor.
RoslynAnalysisRunner will not be running.
RoslynAnalysisRunner has terminated.
Mono: successfully reloaded assembly
- Completed reload, in  2.326 seconds
Platform modules already initialized, skipping
Refreshing native plugins compatible for Editor in 1.02 ms, found 0 plugins.
Preloading 0 native plugins for Editor in 0.00 ms.
Unloading 3447 Unused Serialized files (Serialized files now loaded: 0)
System memory in use before: 253.0 MB.
System memory in use after: 253.2 MB.

Unloading 11 unused Assets to reduce memory usage. Loaded Objects now: 4516.
Total: 7.003500 ms (FindLiveObjects: 1.398800 ms CreateObjectMapping: 0.586300 ms MarkObjects: 4.908200 ms  DeleteObjects: 0.107800 ms)

========================================================================
Received Prepare
Registering precompiled user dll's ...
Registered in 0.003174 seconds.
Begin MonoManager ReloadAssembly
Native extension for WindowsStandalone target not found
Native extension for WebGL target not found
Refreshing native plugins compatible for Editor in 1.27 ms, found 0 plugins.
Preloading 0 native plugins for Editor in 0.00 ms.
Warning: Annotation not found!
UnityEngine.StackTraceUtility:ExtractStackTrace ()
UnityEditor.ProBuilder.EditorUtility:SetGizmoIconEnabled (System.Type,bool) (at Library/PackageCache/com.unity.probuilder@4.4.0/Editor/EditorCore/EditorUtility.cs:593)
UnityEditor.ProBuilder.HierarchyListener:.cctor () (at Library/PackageCache/com.unity.probuilder@4.4.0/Editor/EditorCore/HierarchyListener.cs:21)
System.Runtime.CompilerServices.RuntimeHelpers:RunClassConstructor (System.RuntimeTypeHandle)
UnityEditor.EditorAssemblies:ProcessInitializeOnLoadAttributes (System.Type[])

[Library/PackageCache/com.unity.probuilder@4.4.0/Editor/EditorCore/EditorUtility.cs line 593]

Invoked RoslynAnalysisRunner static constructor.
RoslynAnalysisRunner will not be running.
RoslynAnalysisRunner has terminated.
Mono: successfully reloaded assembly
- Completed reload, in  2.264 seconds
Platform modules already initialized, skipping
Refreshing native plugins compatible for Editor in 1.43 ms, found 0 plugins.
Preloading 0 native plugins for Editor in 0.00 ms.
Unloading 3447 Unused Serialized files (Serialized files now loaded: 0)
System memory in use before: 253.0 MB.
System memory in use after: 253.2 MB.

Unloading 11 unused Assets to reduce memory usage. Loaded Objects now: 4518.
Total: 18.426000 ms (FindLiveObjects: 0.739900 ms CreateObjectMapping: 0.561700 ms MarkObjects: 16.980500 ms  DeleteObjects: 0.142400 ms)

========================================================================
Received Prepare
Registering precompiled user dll's ...
Registered in 0.002125 seconds.
Begin MonoManager ReloadAssembly
Native extension for WindowsStandalone target not found
Native extension for WebGL target not found
Refreshing native plugins compatible for Editor in 1.58 ms, found 0 plugins.
Preloading 0 native plugins for Editor in 0.00 ms.
Warning: Annotation not found!
UnityEngine.StackTraceUtility:ExtractStackTrace ()
UnityEditor.ProBuilder.EditorUtility:SetGizmoIconEnabled (System.Type,bool) (at Library/PackageCache/com.unity.probuilder@4.4.0/Editor/EditorCore/EditorUtility.cs:593)
UnityEditor.ProBuilder.HierarchyListener:.cctor () (at Library/PackageCache/com.unity.probuilder@4.4.0/Editor/EditorCore/HierarchyListener.cs:21)
System.Runtime.CompilerServices.RuntimeHelpers:RunClassConstructor (System.RuntimeTypeHandle)
UnityEditor.EditorAssemblies:ProcessInitializeOnLoadAttributes (System.Type[])

[Library/PackageCache/com.unity.probuilder@4.4.0/Editor/EditorCore/EditorUtility.cs line 593]

Invoked RoslynAnalysisRunner static constructor.
RoslynAnalysisRunner will not be running.
RoslynAnalysisRunner has terminated.
Mono: successfully reloaded assembly
- Completed reload, in  2.015 seconds
Platform modules already initialized, skipping
Refreshing native plugins compatible for Editor in 3.94 ms, found 0 plugins.
Preloading 0 native plugins for Editor in 0.00 ms.
Unloading 3447 Unused Serialized files (Serialized files now loaded: 0)
System memory in use before: 253.0 MB.
System memory in use after: 253.2 MB.

Unloading 11 unused Assets to reduce memory usage. Loaded Objects now: 4520.
Total: 13.692800 ms (FindLiveObjects: 2.724800 ms CreateObjectMapping: 1.479200 ms MarkObjects: 9.363100 ms  DeleteObjects: 0.122900 ms)

========================================================================
Received Prepare
Registering precompiled user dll's ...
Registered in 0.002428 seconds.
Begin MonoManager ReloadAssembly
Native extension for WindowsStandalone target not found
Native extension for WebGL target not found
Refreshing native plugins compatible for Editor in 0.75 ms, found 0 plugins.
Preloading 0 native plugins for Editor in 0.00 ms.
Warning: Annotation not found!
UnityEngine.StackTraceUtility:ExtractStackTrace ()
UnityEditor.ProBuilder.EditorUtility:SetGizmoIconEnabled (System.Type,bool) (at Library/PackageCache/com.unity.probuilder@4.4.0/Editor/EditorCore/EditorUtility.cs:593)
UnityEditor.ProBuilder.HierarchyListener:.cctor () (at Library/PackageCache/com.unity.probuilder@4.4.0/Editor/EditorCore/HierarchyListener.cs:21)
System.Runtime.CompilerServices.RuntimeHelpers:RunClassConstructor (System.RuntimeTypeHandle)
UnityEditor.EditorAssemblies:ProcessInitializeOnLoadAttributes (System.Type[])

[Library/PackageCache/com.unity.probuilder@4.4.0/Editor/EditorCore/EditorUtility.cs line 593]

Invoked RoslynAnalysisRunner static constructor.
RoslynAnalysisRunner will not be running.
RoslynAnalysisRunner has terminated.
Mono: successfully reloaded assembly
- Completed reload, in  2.244 seconds
Platform modules already initialized, skipping
Refreshing native plugins compatible for Editor in 1.03 ms, found 0 plugins.
Preloading 0 native plugins for Editor in 0.00 ms.
Unloading 3447 Unused Serialized files (Serialized files now loaded: 0)
System memory in use before: 253.0 MB.
System memory in use after: 253.2 MB.

Unloading 11 unused Assets to reduce memory usage. Loaded Objects now: 4522.
Total: 8.975200 ms (FindLiveObjects: 1.054900 ms CreateObjectMapping: 1.107700 ms MarkObjects: 6.659300 ms  DeleteObjects: 0.151100 ms)

========================================================================
Received Prepare
Registering precompiled user dll's ...
Registered in 0.003935 seconds.
Begin MonoManager ReloadAssembly
Native extension for WindowsStandalone target not found
Native extension for WebGL target not found
Refreshing native plugins compatible for Editor in 0.83 ms, found 0 plugins.
Preloading 0 native plugins for Editor in 0.00 ms.
Warning: Annotation not found!
UnityEngine.StackTraceUtility:ExtractStackTrace ()
UnityEditor.ProBuilder.EditorUtility:SetGizmoIconEnabled (System.Type,bool) (at Library/PackageCache/com.unity.probuilder@4.4.0/Editor/EditorCore/EditorUtility.cs:593)
UnityEditor.ProBuilder.HierarchyListener:.cctor () (at Library/PackageCache/com.unity.probuilder@4.4.0/Editor/EditorCore/HierarchyListener.cs:21)
System.Runtime.CompilerServices.RuntimeHelpers:RunClassConstructor (System.RuntimeTypeHandle)
UnityEditor.EditorAssemblies:ProcessInitializeOnLoadAttributes (System.Type[])

[Library/PackageCache/com.unity.probuilder@4.4.0/Editor/EditorCore/EditorUtility.cs line 593]

Invoked RoslynAnalysisRunner static constructor.
RoslynAnalysisRunner will not be running.
RoslynAnalysisRunner has terminated.
Mono: successfully reloaded assembly
- Completed reload, in  2.274 seconds
Platform modules already initialized, skipping
Refreshing native plugins compatible for Editor in 1.31 ms, found 0 plugins.
Preloading 0 native plugins for Editor in 0.00 ms.
Unloading 3447 Unused Serialized files (Serialized files now loaded: 0)
System memory in use before: 253.0 MB.
System memory in use after: 253.2 MB.

Unloading 11 unused Assets to reduce memory usage. Loaded Objects now: 4524.
Total: 9.117400 ms (FindLiveObjects: 0.840800 ms CreateObjectMapping: 0.385100 ms MarkObjects: 7.705300 ms  DeleteObjects: 0.183500 ms)

========================================================================
Received Prepare
Registering precompiled user dll's ...
Registered in 0.001938 seconds.
Begin MonoManager ReloadAssembly
Native extension for WindowsStandalone target not found
Native extension for WebGL target not found
Refreshing native plugins compatible for Editor in 1.25 ms, found 0 plugins.
Preloading 0 native plugins for Editor in 0.00 ms.
Warning: Annotation not found!
UnityEngine.StackTraceUtility:ExtractStackTrace ()
UnityEditor.ProBuilder.EditorUtility:SetGizmoIconEnabled (System.Type,bool) (at Library/PackageCache/com.unity.probuilder@4.4.0/Editor/EditorCore/EditorUtility.cs:593)
UnityEditor.ProBuilder.HierarchyListener:.cctor () (at Library/PackageCache/com.unity.probuilder@4.4.0/Editor/EditorCore/HierarchyListener.cs:21)
System.Runtime.CompilerServices.RuntimeHelpers:RunClassConstructor (System.RuntimeTypeHandle)
UnityEditor.EditorAssemblies:ProcessInitializeOnLoadAttributes (System.Type[])

[Library/PackageCache/com.unity.probuilder@4.4.0/Editor/EditorCore/EditorUtility.cs line 593]

Invoked RoslynAnalysisRunner static constructor.
RoslynAnalysisRunner will not be running.
RoslynAnalysisRunner has terminated.
Mono: successfully reloaded assembly
- Completed reload, in  2.706 seconds
Platform modules already initialized, skipping
Refreshing native plugins compatible for Editor in 0.87 ms, found 0 plugins.
Preloading 0 native plugins for Editor in 0.00 ms.
Unloading 3447 Unused Serialized files (Serialized files now loaded: 0)
System memory in use before: 253.0 MB.
System memory in use after: 253.2 MB.

Unloading 11 unused Assets to reduce memory usage. Loaded Objects now: 4526.
Total: 8.236000 ms (FindLiveObjects: 1.121300 ms CreateObjectMapping: 1.401500 ms MarkObjects: 5.602700 ms  DeleteObjects: 0.108600 ms)

========================================================================
Received Prepare
Refreshing native plugins compatible for Editor in 4.74 ms, found 0 plugins.
Preloading 0 native plugins for Editor in 0.00 ms.
Unloading 5 Unused Serialized files (Serialized files now loaded: 0)
System memory in use before: 185.1 MB.
System memory in use after: 185.4 MB.

Unloading 5 unused Assets to reduce memory usage. Loaded Objects now: 4526.
Total: 6.445800 ms (FindLiveObjects: 0.782900 ms CreateObjectMapping: 0.417200 ms MarkObjects: 5.102900 ms  DeleteObjects: 0.132500 ms)

========================================================================
Received Prepare
Refreshing native plugins compatible for Editor in 2.50 ms, found 0 plugins.
Preloading 0 native plugins for Editor in 0.00 ms.
Unloading 5 Unused Serialized files (Serialized files now loaded: 0)
System memory in use before: 185.1 MB.
System memory in use after: 185.4 MB.

Unloading 5 unused Assets to reduce memory usage. Loaded Objects now: 4526.
Total: 8.711600 ms (FindLiveObjects: 1.233200 ms CreateObjectMapping: 1.299000 ms MarkObjects: 6.068400 ms  DeleteObjects: 0.107900 ms)

AssetImportWorkerClient::OnTransportError - code=2 error=End of file
